app/build/outputs/logs/manifest-merger-debug-report.txt
-- Merging decision tree log ---
manifest
ADDED from src/main/AndroidManifest.xml:2:1-90:12
	package
		ADDED from src/main/AndroidManifest.xml:3:5-39
		INJECTED from src/main/AndroidManifest.xml
		INJECTED from src/main/AndroidManifest.xml
	android:versionName
		INJECTED from src/main/AndroidManifest.xml
		INJECTED from src/main/AndroidManifest.xml
	xmlns:android
		ADDED from src/main/AndroidManifest.xml:2:11-69
	android:versionCode
		INJECTED from src/main/AndroidManifest.xml
		INJECTED from src/main/AndroidManifest.xml
uses-feature#android.hardware.bluetooth_le
ADDED from src/main/AndroidManifest.xml:10:5-89
	android:required
		ADDED from src/main/AndroidManifest.xml:10:64-87
	android:name
		ADDED from src/main/AndroidManifest.xml:10:19-63
uses-permission#android.permission.BLUETOOTH
ADDED from src/main/AndroidManifest.xml:11:2-65
	android:name
		ADDED from src/main/AndroidManifest.xml:11:19-62
uses-permission#android.permission.BLUETOOTH_ADMIN
ADDED from src/main/AndroidManifest.xml:12:5-74
	android:name
		ADDED from src/main/AndroidManifest.xml:12:22-71
uses-permission#android.permission.INTERNET
ADDED from src/main/AndroidManifest.xml:13:5-67
MERGED from [com.crashlytics.sdk.android:crashlytics:2.6.7] AndroidManifest.xml:9:5-67
MERGED from [com.crashlytics.sdk.android:beta:1.2.4] AndroidManifest.xml:9:5-67
MERGED from [io.fabric.sdk.android:fabric:1.3.16] AndroidManifest.xml:29:5-67
MERGED from [com.crashlytics.sdk.android:answers:1.3.12] AndroidManifest.xml:9:5-67
MERGED from [com.crashlytics.sdk.android:crashlytics-core:2.3.16] AndroidManifest.xml:52:5-67
MERGED from [testfairy:testfairy-android-sdk:1.5.5] AndroidManifest.xml:8:5-67
	android:name
		ADDED from src/main/AndroidManifest.xml:13:22-64
application
ADDED from src/main/AndroidManifest.xml:15:5-88:19
MERGED from [com.crashlytics.sdk.android:crashlytics:2.6.7] AndroidManifest.xml:11:5-20
MERGED from [com.crashlytics.sdk.android:beta:1.2.4] AndroidManifest.xml:11:5-20
MERGED from [io.fabric.sdk.android:fabric:1.3.16] AndroidManifest.xml:31:5-20
MERGED from [com.crashlytics.sdk.android:answers:1.3.12] AndroidManifest.xml:11:5-20
MERGED from [com.crashlytics.sdk.android:crashlytics-core:2.3.16] AndroidManifest.xml:54:5-20
MERGED from [testfairy:testfairy-android-sdk:1.5.5] AndroidManifest.xml:17:5-25:19
	android:label
		ADDED from src/main/AndroidManifest.xml:20:9-41
	android:allowBackup
		ADDED from src/main/AndroidManifest.xml:16:9-35
	android:icon
		ADDED from src/main/AndroidManifest.xml:17:9-45
	android:name
		ADDED from src/main/AndroidManifest.xml:18:9-53
activity#com.ui.custom.SyncActivity
ADDED from src/main/AndroidManifest.xml:21:9-30:20
	android:screenOrientation
		ADDED from src/main/AndroidManifest.xml:24:13-49
	android:label
		ADDED from src/main/AndroidManifest.xml:23:13-45
	android:theme
		ADDED from src/main/AndroidManifest.xml:25:14-52
	android:name
		ADDED from src/main/AndroidManifest.xml:22:13-54
intent-filter#android.intent.category.LAUNCHER
ADDED from src/main/AndroidManifest.xml:26:13-29:29
category#android.intent.category.LAUNCHER
ADDED from src/main/AndroidManifest.xml:28:17-77
	android:name
		ADDED from src/main/AndroidManifest.xml:28:27-74
activity#com.ui.custom.ViewActivity
ADDED from src/main/AndroidManifest.xml:31:9-40:20
	android:screenOrientation
		ADDED from src/main/AndroidManifest.xml:34:13-49
	android:label
		ADDED from src/main/AndroidManifest.xml:33:13-45
	android:theme
		ADDED from src/main/AndroidManifest.xml:35:14-52
	android:name
		ADDED from src/main/AndroidManifest.xml:32:13-54
activity#com.ui.custom.WebKitActivity
ADDED from src/main/AndroidManifest.xml:41:9-49:20
	android:screenOrientation
		ADDED from src/main/AndroidManifest.xml:44:13-49
	android:label
		ADDED from src/main/AndroidManifest.xml:43:13-45
	android:theme
		ADDED from src/main/AndroidManifest.xml:45:14-52
	android:name
		ADDED from src/main/AndroidManifest.xml:42:13-56
activity#com.ui.custom.SplashActivity
ADDED from src/main/AndroidManifest.xml:50:4-61:20
	android:screenOrientation
		ADDED from src/main/AndroidManifest.xml:53:13-49
	android:label
		ADDED from src/main/AndroidManifest.xml:52:13-45
	android:noHistory
		ADDED from src/main/AndroidManifest.xml:54:13-37
	android:theme
		ADDED from src/main/AndroidManifest.xml:55:14-52
	android:name
		ADDED from src/main/AndroidManifest.xml:51:13-56
intent-filter#android.intent.action.MAIN+android.intent.category.LAUNCHER
ADDED from src/main/AndroidManifest.xml:56:13-60:29
action#android.intent.action.MAIN
ADDED from src/main/AndroidManifest.xml:57:17-69
	android:name
		ADDED from src/main/AndroidManifest.xml:57:25-66
activity#com.ui.custom.PairingActivity
ADDED from src/main/AndroidManifest.xml:62:10-72:20
	android:screenOrientation
		ADDED from src/main/AndroidManifest.xml:65:13-49
	android:label
		ADDED from src/main/AndroidManifest.xml:64:13-45
	android:noHistory
		ADDED from src/main/AndroidManifest.xml:66:13-37
	android:theme
		ADDED from src/main/AndroidManifest.xml:67:14-52
	android:name
		ADDED from src/main/AndroidManifest.xml:63:13-57
intent-filter#android.intent.action.MAIN
ADDED from src/main/AndroidManifest.xml:68:13-71:29
activity#com.ui.custom.TourPageActivity
ADDED from src/main/AndroidManifest.xml:73:9-82:20
	android:screenOrientation
		ADDED from src/main/AndroidManifest.xml:76:13-49
	android:label
		ADDED from src/main/AndroidManifest.xml:75:13-45
	android:theme
		ADDED from src/main/AndroidManifest.xml:77:14-52
	android:name
		ADDED from src/main/AndroidManifest.xml:74:13-58
activity#com.blespp.client.DeviceListActivity
ADDED from src/main/AndroidManifest.xml:83:9-149
	android:label
		ADDED from src/main/AndroidManifest.xml:83:71-103
	android:theme
		ADDED from src/main/AndroidManifest.xml:83:104-147
	android:name
		ADDED from src/main/AndroidManifest.xml:83:19-70
service#com.blespp.client.CustomService
ADDED from src/main/AndroidManifest.xml:84:9-90
	android:enabled
		ADDED from src/main/AndroidManifest.xml:84:65-87
	android:name
		ADDED from src/main/AndroidManifest.xml:84:18-64
meta-data#io.fabric.ApiKey
ADDED from src/main/AndroidManifest.xml:85:9-87:72
	android:value
		ADDED from src/main/AndroidManifest.xml:87:13-69
	android:name
		ADDED from src/main/AndroidManifest.xml:86:13-44
uses-sdk
INJECTED from src/main/AndroidManifest.xml reason: use-sdk injection requested
MERGED from [com.crashlytics.sdk.android:crashlytics:2.6.7] AndroidManifest.xml:7:5-43
MERGED from [com.crashlytics.sdk.android:beta:1.2.4] AndroidManifest.xml:7:5-43
MERGED from [io.fabric.sdk.android:fabric:1.3.16] AndroidManifest.xml:27:5-43
MERGED from [com.crashlytics.sdk.android:answers:1.3.12] AndroidManifest.xml:7:5-43
MERGED from [com.crashlytics.sdk.android:crashlytics-core:2.3.16] AndroidManifest.xml:50:5-43
MERGED from [testfairy:testfairy-android-sdk:1.5.5] AndroidManifest.xml:5:5-44
	android:targetSdkVersion
		INJECTED from src/main/AndroidManifest.xml
		INJECTED from src/main/AndroidManifest.xml
	android:minSdkVersion
		INJECTED from src/main/AndroidManifest.xml
		INJECTED from src/main/AndroidManifest.xml
uses-permission#android.permission.ACCESS_NETWORK_STATE
ADDED from [testfairy:testfairy-android-sdk:1.5.5] AndroidManifest.xml:11:5-79
	android:name
		ADDED from [testfairy:testfairy-android-sdk:1.5.5] AndroidManifest.xml:11:22-76
uses-permission#android.permission.READ_PHONE_STATE
ADDED from [testfairy:testfairy-android-sdk:1.5.5] AndroidManifest.xml:12:5-75
	android:name
		ADDED from [testfairy:testfairy-android-sdk:1.5.5] AndroidManifest.xml:12:22-72
uses-permission#android.permission.WRITE_EXTERNAL_STORAGE
ADDED from [testfairy:testfairy-android-sdk:1.5.5] AndroidManifest.xml:15:5-81
	android:name
		ADDED from [testfairy:testfairy-android-sdk:1.5.5] AndroidManifest.xml:15:22-78
activity#com.testfairy.activities.ProvideFeedbackActivity
ADDED from [testfairy:testfairy-android-sdk:1.5.5] AndroidManifest.xml:18:9-21:63
	android:configChanges
		ADDED from [testfairy:testfairy-android-sdk:1.5.5] AndroidManifest.xml:20:13-59
	android:theme
		ADDED from [testfairy:testfairy-android-sdk:1.5.5] AndroidManifest.xml:21:13-60
	android:name
		ADDED from [testfairy:testfairy-android-sdk:1.5.5] AndroidManifest.xml:19:13-76
activity#com.testfairy.activities.AutoUpdateActivity
ADDED from [testfairy:testfairy-android-sdk:1.5.5] AndroidManifest.xml:22:9-24:62
	android:configChanges
		ADDED from [testfairy:testfairy-android-sdk:1.5.5] AndroidManifest.xml:24:13-59
	android:name
		ADDED from [testfairy:testfairy-android-sdk:1.5.5] AndroidManifest.xml:23:13-71
android:uses-permission#android.permission.READ_EXTERNAL_STORAGE
IMPLIED from src/main/AndroidManifest.xml:2:1-90:12 reason: com.testfairy.sdk requested WRITE_EXTERNAL_STORAGE